#
# There is insufficient memory for the Java Runtime Environment to continue.
# Native memory allocation (mmap) failed to map 132120576 bytes for Failed to commit area from 0x0000000082600000 to 0x000000008a400000 of length 132120576.
# Possible reasons:
#   The system is out of physical RAM or swap space
#   The process is running with CompressedOops enabled, and the Java Heap may be blocking the growth of the native heap
# Possible solutions:
#   Reduce memory load on the system
#   Increase physical memory or swap space
#   Check if swap backing store is full
#   Decrease Java heap size (-Xmx/-Xms)
#   Decrease number of Java threads
#   Decrease Java thread stack sizes (-Xss)
#   Set larger code cache with -XX:ReservedCodeCacheSize=
# This output file may be truncated or incomplete.
#
#  Out of Memory Error (t:/workspace/open/src/hotspot/os/windows/os_windows.cpp:3274), pid=19868, tid=10644
#
# JRE version:  (11.0.5+10) (build )
# Java VM: Java HotSpot(TM) 64-Bit Server VM (11.0.5+10-LTS, mixed mode, aot, sharing, tiered, compressed oops, g1 gc, windows-amd64)
# No core dump will be written. Minidumps are not enabled by default on client versions of Windows
#

---------------  S U M M A R Y ------------

Command Line: -Dfile.encoding=Cp1252 --module-path=C:\Users\siddharth\Downloads\mysql-connector-java-8.0.22.jar EHMS.Main

Host: Intel(R) Core(TM) i5-8300H CPU @ 2.30GHz, 8 cores, 7G,  Windows 10 , 64 bit Build 17763 (10.0.17763.1158)
Time: Wed Nov 18 22:59:34 2020 India Standard Time elapsed time: 0 seconds (0d 0h 0m 0s)

---------------  T H R E A D  ---------------

Current thread (0x0000026fd070b800):  JavaThread "Unknown thread" [_thread_in_vm, id=10644, stack(0x000000aa11300000,0x000000aa11400000)]

Stack: [0x000000aa11300000,0x000000aa11400000]
Native frames: (J=compiled Java code, j=interpreted, Vv=VM code, C=native code)
V  [jvm.dll+0x63611a]
V  [jvm.dll+0x77426f]
V  [jvm.dll+0x77591a]
V  [jvm.dll+0x775fd3]
V  [jvm.dll+0x25e608]
V  [jvm.dll+0x6335ca]
V  [jvm.dll+0x627f85]
V  [jvm.dll+0x314ecc]
V  [jvm.dll+0x314d52]
V  [jvm.dll+0x31a5c6]
V  [jvm.dll+0x3666bf]
V  [jvm.dll+0x3660e0]
V  [jvm.dll+0x2f1c48]
V  [jvm.dll+0x2f2db6]
V  [jvm.dll+0x74d437]
V  [jvm.dll+0x74ebaf]
V  [jvm.dll+0x3734f9]
V  [jvm.dll+0x733ae9]
V  [jvm.dll+0x3e2e1d]
V  [jvm.dll+0x3e51e1]
C  [javaw.exe+0x3617]
C  [javaw.exe+0x17e2c]
C  [KERNEL32.DLL+0x17974]
C  [ntdll.dll+0x6a271]


---------------  P R O C E S S  ---------------

Threads class SMR info:
_java_thread_list=0x0000026fd05b8730, length=0, elements={
}

Java Threads: ( => current thread )

Other Threads:
  0x0000026fd0722800 GCTaskThread "GC Thread#0" [stack: 0x000000aa11400000,0x000000aa11500000] [id=18052]
  0x0000026fd0753000 ConcurrentGCThread "G1 Main Marker" [stack: 0x000000aa11500000,0x000000aa11600000] [id=12816]
  0x0000026fd0758800 ConcurrentGCThread "G1 Conc#0" [stack: 0x000000aa11600000,0x000000aa11700000] [id=23228]

[error occurred during error reporting (printing all threads), id 0xc0000005, EXCEPTION_ACCESS_VIOLATION (0xc0000005) at pc=0x00007ffeec360617]

VM state:not at safepoint (not fully initialized)

VM Mutex/Monitor currently owned by a thread:  ([mutex/lock_event])
[0x0000026fd0707a80] Heap_lock - owner thread: 0x0000026fd070b800

Heap address: 0x0000000082600000, size: 2010 MB, Compressed Oops mode: Non-zero based: 0x0000000082600000
Narrow klass base: 0x0000000000000000, Narrow klass shift: 0

GC Heap History (0 events):
No events

Deoptimization events (0 events):
No events

Classes redefined (0 events):
No events

Internal exceptions (0 events):
No events

Events (0 events):
No events


Dynamic libraries:
0x00007ff74a400000 - 0x00007ff74a447000 	C:\Program Files\Java\jdk-11.0.5\bin\javaw.exe
0x00007fff65430000 - 0x00007fff6561d000 	C:\Windows\SYSTEM32\ntdll.dll
0x00007fff39b90000 - 0x00007fff39ba2000 	C:\Program Files\AVAST Software\Avast\aswhook.dll
0x00007fff62850000 - 0x00007fff62903000 	C:\Windows\System32\KERNEL32.DLL
0x00007fff61f50000 - 0x00007fff621e5000 	C:\Windows\System32\KERNELBASE.dll
0x00007fff64bd0000 - 0x00007fff64c73000 	C:\Windows\System32\ADVAPI32.dll
0x00007fff62f70000 - 0x00007fff6300e000 	C:\Windows\System32\msvcrt.dll
0x00007fff62e40000 - 0x00007fff62ede000 	C:\Windows\System32\sechost.dll
0x00007fff62930000 - 0x00007fff62a52000 	C:\Windows\System32\RPCRT4.dll
0x00007fff63530000 - 0x00007fff636c7000 	C:\Windows\System32\USER32.dll
0x00007fff622d0000 - 0x00007fff622f0000 	C:\Windows\System32\win32u.dll
0x00007fff62810000 - 0x00007fff62839000 	C:\Windows\System32\GDI32.dll
0x00007fff62390000 - 0x00007fff6252a000 	C:\Windows\System32\gdi32full.dll
0x00007fff622f0000 - 0x00007fff62390000 	C:\Windows\System32\msvcp_win.dll
0x00007fff62530000 - 0x00007fff6262a000 	C:\Windows\System32\ucrtbase.dll
0x00007fff517b0000 - 0x00007fff51a29000 	C:\Windows\WinSxS\amd64_microsoft.windows.common-controls_6595b64144ccf1df_6.0.17763.1282_none_de75b6f253473c0f\COMCTL32.dll
0x00007fff62a60000 - 0x00007fff62d8c000 	C:\Windows\System32\combase.dll
0x00007fff61e80000 - 0x00007fff61efe000 	C:\Windows\System32\bcryptPrimitives.dll
0x00007fff58f70000 - 0x00007fff58f7a000 	C:\Windows\SYSTEM32\VERSION.dll
0x00007fff65100000 - 0x00007fff6512e000 	C:\Windows\System32\IMM32.DLL
0x00007fff4a3a0000 - 0x00007fff4a3b6000 	C:\Program Files\Java\jdk-11.0.5\bin\vcruntime140.dll
0x00007fff44790000 - 0x00007fff4483a000 	C:\Program Files\Java\jdk-11.0.5\bin\msvcp140.dll
0x00007ffeec060000 - 0x00007ffeecb88000 	C:\Program Files\Java\jdk-11.0.5\bin\server\jvm.dll
0x00007fff62ee0000 - 0x00007fff62ee8000 	C:\Windows\System32\PSAPI.DLL
0x00007fff49550000 - 0x00007fff49559000 	C:\Windows\SYSTEM32\WSOCK32.dll
0x00007fff65390000 - 0x00007fff653fd000 	C:\Windows\System32\WS2_32.dll
0x00007fff5f630000 - 0x00007fff5f654000 	C:\Windows\SYSTEM32\WINMM.dll
0x00007fff5f4e0000 - 0x00007fff5f50d000 	C:\Windows\SYSTEM32\WINMMBASE.dll
0x00007fff61f00000 - 0x00007fff61f4a000 	C:\Windows\System32\cfgmgr32.dll
0x00007fff61470000 - 0x00007fff61481000 	C:\Windows\System32\kernel.appcore.dll
0x00007fff5f680000 - 0x00007fff5f691000 	C:\Program Files\Java\jdk-11.0.5\bin\verify.dll
0x00007fff52890000 - 0x00007fff52a7d000 	C:\Windows\SYSTEM32\DBGHELP.DLL
0x00007fff52860000 - 0x00007fff5288a000 	C:\Windows\SYSTEM32\dbgcore.DLL
0x00007fff53c10000 - 0x00007fff53c39000 	C:\Program Files\Java\jdk-11.0.5\bin\java.dll
0x00007fff53bf0000 - 0x00007fff53c06000 	C:\Program Files\Java\jdk-11.0.5\bin\zip.dll
0x00007fff5dc60000 - 0x00007fff5dc6a000 	C:\Program Files\Java\jdk-11.0.5\bin\jimage.dll

dbghelp: loaded successfully - version: 4.0.5 - missing functions: none
symbol engine: initialized successfully - sym options: 0x614 - pdb path: .;C:\Program Files\Java\jdk-11.0.5\bin;C:\Windows\SYSTEM32;C:\Program Files\AVAST Software\Avast;C:\Windows\WinSxS\amd64_microsoft.windows.common-controls_6595b64144ccf1df_6.0.17763.1282_none_de75b6f253473c0f;C:\Program Files\Java\jdk-11.0.5\bin\server

VM Arguments:
jvm_args: -Dfile.encoding=Cp1252 --module-path=C:\Users\siddharth\Downloads\mysql-connector-java-8.0.22.jar 
java_command: EHMS.Main
java_class_path (initial): C:\Users\siddharth\Documents\JAVA\JavaEclipse\HealthcareManagementSystem\bin
Launcher Type: SUN_STANDARD

[Global flags]
     intx CICompilerCount                          = 4                                         {product} {ergonomic}
     uint ConcGCThreads                            = 2                                         {product} {ergonomic}
     uint G1ConcRefinementThreads                  = 8                                         {product} {ergonomic}
   size_t G1HeapRegionSize                         = 1048576                                   {product} {ergonomic}
    uintx GCDrainStackTargetSize                   = 64                                        {product} {ergonomic}
   size_t InitialHeapSize                          = 132120576                                 {product} {ergonomic}
   size_t MarkStackSize                            = 4194304                                   {product} {ergonomic}
   size_t MaxHeapSize                              = 2107637760                                {product} {ergonomic}
   size_t MinHeapDeltaBytes                        = 1048576                                   {product} {ergonomic}
    uintx NonNMethodCodeHeapSize                   = 5836300                                {pd product} {ergonomic}
    uintx NonProfiledCodeHeapSize                  = 122910970                              {pd product} {ergonomic}
    uintx ProfiledCodeHeapSize                     = 122910970                              {pd product} {ergonomic}
    uintx ReservedCodeCacheSize                    = 251658240                              {pd product} {ergonomic}
     bool SegmentedCodeCache                       = true                                      {product} {ergonomic}
     bool UseCompressedClassPointers               = true                                 {lp64_product} {ergonomic}
     bool UseCompressedOops                        = true                                 {lp64_product} {ergonomic}
     bool UseG1GC                                  = true                                      {product} {ergonomic}
     bool UseLargePagesIndividualAllocation        = false                                  {pd product} {ergonomic}

Logging:
Log output configuration:
 #0: stdout all=warning uptime,level,tags
 #1: stderr all=off uptime,level,tags

Environment Variables:
PATH=C:/Program Files/Java/jdk-11.0.5/bin/server;C:/Program Files/Java/jdk-11.0.5/bin;C:\Program Files (x86)\TRICENTIS\Tosca Testsuite\ToscaCommander;;C:\Program Files (x86)\TRICENTIS\Tosca Testsuite\Classic;C:\Program Files (x86)\TRICENTIS\Tosca Testsuite\Classic\dll;C:\Program Files (x86)\TRICENTIS\Tosca Testsuite\Classic\dll\GuptaEngine;C:\Program Files (x86)\TRICENTIS\Tosca Testsuite\ToscaCommander;C:\Program Files (x86)\TRICENTIS\Tosca Testsuite\Classic\dll\DelphiEngine;C:\Program Files (x86)\TRICENTIS\Tosca Testsuite\Classic\dll\PBEngine;C:\Program Files (x86)\TRICENTIS\Tosca Testsuite\Classic\dll\VBEngine;C:\Program Files (x86)\TRICENTIS\Tosca Testsuite\Classic\dll\DotNetHooking;;C:\Windows\system32;C:\Windows;C:\Windows\System32\Wbem;C:\Windows\System32\WindowsPowerShell\v1.0\;C:\Windows\System32\OpenSSH\;C:\Program Files (x86)\Intel\Intel(R) Management Engine Components\DAL;C:\Program Files\Intel\Intel(R) Management Engine Components\DAL;C:\Users\siddharth\Downloads\Programs;C:\Program Files\Git\cmd;C:\Program Files\Java\jdk-11.0.5\bin;C:\Program Files\MySQL\MySQL Shell 8.0\bin\;C:\Program Files (x86)\CodeBlocks\MinGW\mingw32\bin;C:\Users\siddharth\AppData\Local\atom\bin;C:\Users\siddharth\AppData\Local\Programs\Microsoft VS Code\bin;C:\MinGW\mingw32\bin;;C:\Users\siddharth\Desktop;
USERNAME=siddharth
OS=Windows_NT
PROCESSOR_IDENTIFIER=Intel64 Family 6 Model 158 Stepping 10, GenuineIntel



---------------  S Y S T E M  ---------------

OS: Windows 10 , 64 bit Build 17763 (10.0.17763.1158)

CPU:total 8 (initial active 8) (4 cores per cpu, 2 threads per core) family 6 model 158 stepping 10, cmov, cx8, fxsr, mmx, sse, sse2, sse3, ssse3, sse4.1, sse4.2, popcnt, avx, avx2, aes, clmul, erms, 3dnowpref, lzcnt, ht, tsc, tscinvbit, bmi1, bmi2, adx, fma

Memory: 4k page, system-wide physical 8034M (427M free)
TotalPageFile size 18838M (AvailPageFile size 79M)
current process WorkingSet (physical memory assigned to process): 9M, peak: 9M
current process commit charge ("private bytes"): 60M, peak: 186M

vm_info: Java HotSpot(TM) 64-Bit Server VM (11.0.5+10-LTS) for windows-amd64 JRE (11.0.5+10-LTS), built on Oct  6 2019 12:37:14 by "mach5one" with MS VC++ 15.5 (VS2017)

END.
