#
# There is insufficient memory for the Java Runtime Environment to continue.
# Native memory allocation (malloc) failed to allocate 1048576 bytes for AllocateHeap
# Possible reasons:
#   The system is out of physical RAM or swap space
#   The process is running with CompressedOops enabled, and the Java Heap may be blocking the growth of the native heap
# Possible solutions:
#   Reduce memory load on the system
#   Increase physical memory or swap space
#   Check if swap backing store is full
#   Decrease Java heap size (-Xmx/-Xms)
#   Decrease number of Java threads
#   Decrease Java thread stack sizes (-Xss)
#   Set larger code cache with -XX:ReservedCodeCacheSize=
#   JVM is running with Unscaled Compressed Oops mode in which the Java heap is
#     placed in the first 4GB address space. The Java Heap base address is the
#     maximum limit for the native heap growth. Please use -XX:HeapBaseMinAddress
#     to set the Java Heap base and to place the Java Heap above 4GB virtual address.
# This output file may be truncated or incomplete.
#
#  Out of Memory Error (t:/workspace/open/src/hotspot/share/memory/allocation.cpp:46), pid=42420, tid=35380
#
# JRE version: Java(TM) SE Runtime Environment (11.0.5+10) (build 11.0.5+10-LTS)
# Java VM: Java HotSpot(TM) 64-Bit Server VM (11.0.5+10-LTS, mixed mode, tiered, compressed oops, g1 gc, windows-amd64)
# No core dump will be written. Minidumps are not enabled by default on client versions of Windows
#

---------------  S U M M A R Y ------------

Command Line: -Dfile.encoding=Cp1252 --module-path=C:\Users\siddharth\Downloads\mysql-connector-java-8.0.22.jar EHMS.Main

Host: Intel(R) Core(TM) i5-8300H CPU @ 2.30GHz, 8 cores, 7G,  Windows 10 , 64 bit Build 17763 (10.0.17763.1158)
Time: Mon Nov  9 15:05:03 2020 India Standard Time elapsed time: 0 seconds (0d 0h 0m 0s)

---------------  T H R E A D  ---------------

Current thread (0x0000027e53316800):  VMThread "VM Thread" [stack: 0x000000ce6c900000,0x000000ce6ca00000] [id=35380]

Stack: [0x000000ce6c900000,0x000000ce6ca00000]
[error occurred during error reporting (printing stack bounds), id 0xc0000005, EXCEPTION_ACCESS_VIOLATION (0xc0000005) at pc=0x0000027e3cad0bad]

Native frames: (J=compiled Java code, j=interpreted, Vv=VM code, C=native code)
V  [jvm.dll+0x63611a]
V  [jvm.dll+0x77426f]
V  [jvm.dll+0x77591a]
V  [jvm.dll+0x775f35]
V  [jvm.dll+0x775eeb]
V  [jvm.dll+0x635826]
V  [jvm.dll+0x635be8]
C  [ntdll.dll+0xa479f]
C  [ntdll.dll+0x4bef]
C  [ntdll.dll+0xa350e]
C  0x0000027e3cad0bad

VM_Operation (0x000000ce6c3fd920): CollectForMetadataAllocation, mode: safepoint, requested by thread 0x0000027e3476b800


---------------  P R O C E S S  ---------------

Threads class SMR info:
_java_thread_list=0x0000027e5333d830, length=9, elements={
0x0000027e3476b800, 0x0000027e5331a800, 0x0000027e53323800, 0x0000027e53332800,
0x0000027e53333000, 0x0000027e53338800, 0x0000027e53c9c800, 0x0000027e53cbd000,
0x0000027e532b0800
}

Java Threads: ( => current thread )
  0x0000027e3476b800 JavaThread "main" [_thread_blocked, id=41252, stack(0x000000ce6c300000,0x000000ce6c400000)]
  0x0000027e5331a800 JavaThread "Reference Handler" daemon [_thread_blocked, id=4572, stack(0x000000ce6ca00000,0x000000ce6cb00000)]
  0x0000027e53323800 JavaThread "Finalizer" daemon [_thread_blocked, id=11648, stack(0x000000ce6cb00000,0x000000ce6cc00000)]
  0x0000027e53332800 JavaThread "Signal Dispatcher" daemon [_thread_blocked, id=31108, stack(0x000000ce6cc00000,0x000000ce6cd00000)]
  0x0000027e53333000 JavaThread "Attach Listener" daemon [_thread_blocked, id=33344, stack(0x000000ce6cd00000,0x000000ce6ce00000)]
  0x0000027e53338800 JavaThread "C2 CompilerThread0" daemon [_thread_blocked, id=24976, stack(0x000000ce6ce00000,0x000000ce6cf00000)]
  0x0000027e53c9c800 JavaThread "C1 CompilerThread0" daemon [_thread_blocked, id=40068, stack(0x000000ce6cf00000,0x000000ce6d000000)]
  0x0000027e53cbd000 JavaThread "Sweeper thread" daemon [_thread_blocked, id=42216, stack(0x000000ce6d000000,0x000000ce6d100000)]
  0x0000027e532b0800 JavaThread "Common-Cleaner" daemon [_thread_blocked, id=22840, stack(0x000000ce6d100000,0x000000ce6d200000)]

Other Threads:
=>0x0000027e53316800 VMThread "VM Thread" [stack: 0x000000ce6c900000,0x000000ce6ca00000] [id=35380]
  0x0000027e34782800 GCTaskThread "GC Thread#0" [stack: 0x000000ce6c400000,0x000000ce6c500000] [id=42516]
  0x0000027e53e86800 GCTaskThread "GC Thread#1" [stack: 0x000000ce6d200000,0x000000ce6d300000] [id=21464]
  0x0000027e53e87800 GCTaskThread "GC Thread#2" [stack: 0x000000ce6d300000,0x000000ce6d400000] [id=33572]
  0x0000027e347b3000 ConcurrentGCThread "G1 Main Marker" [stack: 0x000000ce6c500000,0x000000ce6c600000] [id=27204]
  0x0000027e347b4800 ConcurrentGCThread "G1 Conc#0" [stack: 0x000000ce6c600000,0x000000ce6c700000] [id=36136]
  0x0000027e53e9a000 ConcurrentGCThread "G1 Conc#1" [stack: 0x000000ce6d400000,0x000000ce6d500000] [id=31708]
  0x0000027e53160800 ConcurrentGCThread "G1 Refine#0" [stack: 0x000000ce6c700000,0x000000ce6c800000] [id=24788]
  0x0000027e3483d000 ConcurrentGCThread "G1 Young RemSet Sampling" [stack: 0x000000ce6c800000,0x000000ce6c900000] [id=22624]

Threads with active compile tasks:

VM state:at safepoint (normal execution)

VM Mutex/Monitor currently owned by a thread:  ([mutex/lock_event])
[0x0000027e34768380] Threads_lock - owner thread: 0x0000027e53316800
[0x0000027e347677b0] Heap_lock - owner thread: 0x0000027e3476b800

Heap address: 0x0000000082600000, size: 2010 MB, Compressed Oops mode: 32-bit
Narrow klass base: 0x0000000000000000, Narrow klass shift: 3
Compressed class space size: 1073741824 Address: 0x0000000100000000

Heap:
 garbage-first heap   total 129024K, used 775K [0x0000000082600000, 0x0000000100000000)
  region size 1024K, 1 young (1024K), 1 survivors (1024K)
 Metaspace       used 5873K, capacity 5923K, committed 6016K, reserved 1069056K
  class space    used 516K, capacity 548K, committed 640K, reserved 1048576K
Heap Regions: E=young(eden), S=young(survivor), O=old, HS=humongous(starts), HC=humongous(continues), CS=collection set, F=free, A=archive, TAMS=top-at-mark-start (previous, next)
|   0|0x0000000082600000, 0x0000000082600000, 0x0000000082700000|  0%| F|  |TAMS 0x0000000082600000, 0x0000000082600000| Untracked 
|   1|0x0000000082700000, 0x0000000082700000, 0x0000000082800000|  0%| F|  |TAMS 0x0000000082700000, 0x0000000082700000| Untracked 
|   2|0x0000000082800000, 0x0000000082800000, 0x0000000082900000|  0%| F|  |TAMS 0x0000000082800000, 0x0000000082800000| Untracked 
|   3|0x0000000082900000, 0x0000000082900000, 0x0000000082a00000|  0%| F|  |TAMS 0x0000000082900000, 0x0000000082900000| Untracked 
|   4|0x0000000082a00000, 0x0000000082a00000, 0x0000000082b00000|  0%| F|  |TAMS 0x0000000082a00000, 0x0000000082a00000| Untracked 
|   5|0x0000000082b00000, 0x0000000082b00000, 0x0000000082c00000|  0%| F|  |TAMS 0x0000000082b00000, 0x0000000082b00000| Untracked 
|   6|0x0000000082c00000, 0x0000000082c00000, 0x0000000082d00000|  0%| F|  |TAMS 0x0000000082c00000, 0x0000000082c00000| Untracked 
|   7|0x0000000082d00000, 0x0000000082d00000, 0x0000000082e00000|  0%| F|  |TAMS 0x0000000082d00000, 0x0000000082d00000| Untracked 
|   8|0x0000000082e00000, 0x0000000082e00000, 0x0000000082f00000|  0%| F|  |TAMS 0x0000000082e00000, 0x0000000082e00000| Untracked 
|   9|0x0000000082f00000, 0x0000000082f00000, 0x0000000083000000|  0%| F|  |TAMS 0x0000000082f00000, 0x0000000082f00000| Untracked 
|  10|0x0000000083000000, 0x0000000083000000, 0x0000000083100000|  0%| F|  |TAMS 0x0000000083000000, 0x0000000083000000| Untracked 
|  11|0x0000000083100000, 0x0000000083100000, 0x0000000083200000|  0%| F|  |TAMS 0x0000000083100000, 0x0000000083100000| Untracked 
|  12|0x0000000083200000, 0x0000000083200000, 0x0000000083300000|  0%| F|  |TAMS 0x0000000083200000, 0x0000000083200000| Untracked 
|  13|0x0000000083300000, 0x0000000083300000, 0x0000000083400000|  0%| F|  |TAMS 0x0000000083300000, 0x0000000083300000| Untracked 
|  14|0x0000000083400000, 0x0000000083400000, 0x0000000083500000|  0%| F|  |TAMS 0x0000000083400000, 0x0000000083400000| Untracked 
|  15|0x0000000083500000, 0x0000000083500000, 0x0000000083600000|  0%| F|  |TAMS 0x0000000083500000, 0x0000000083500000| Untracked 
|  16|0x0000000083600000, 0x0000000083600000, 0x0000000083700000|  0%| F|  |TAMS 0x0000000083600000, 0x0000000083600000| Untracked 
|  17|0x0000000083700000, 0x0000000083700000, 0x0000000083800000|  0%| F|  |TAMS 0x0000000083700000, 0x0000000083700000| Untracked 
|  18|0x0000000083800000, 0x0000000083800000, 0x0000000083900000|  0%| F|  |TAMS 0x0000000083800000, 0x0000000083800000| Untracked 
|  19|0x0000000083900000, 0x0000000083900000, 0x0000000083a00000|  0%| F|  |TAMS 0x0000000083900000, 0x0000000083900000| Untracked 
|  20|0x0000000083a00000, 0x0000000083a00000, 0x0000000083b00000|  0%| F|  |TAMS 0x0000000083a00000, 0x0000000083a00000| Untracked 
|  21|0x0000000083b00000, 0x0000000083b00000, 0x0000000083c00000|  0%| F|  |TAMS 0x0000000083b00000, 0x0000000083b00000| Untracked 
|  22|0x0000000083c00000, 0x0000000083c00000, 0x0000000083d00000|  0%| F|  |TAMS 0x0000000083c00000, 0x0000000083c00000| Untracked 
|  23|0x0000000083d00000, 0x0000000083d00000, 0x0000000083e00000|  0%| F|  |TAMS 0x0000000083d00000, 0x0000000083d00000| Untracked 
|  24|0x0000000083e00000, 0x0000000083e00000, 0x0000000083f00000|  0%| F|  |TAMS 0x0000000083e00000, 0x0000000083e00000| Untracked 
|  25|0x0000000083f00000, 0x0000000083f00000, 0x0000000084000000|  0%| F|  |TAMS 0x0000000083f00000, 0x0000000083f00000| Untracked 
|  26|0x0000000084000000, 0x0000000084000000, 0x0000000084100000|  0%| F|  |TAMS 0x0000000084000000, 0x0000000084000000| Untracked 
|  27|0x0000000084100000, 0x0000000084100000, 0x0000000084200000|  0%| F|  |TAMS 0x0000000084100000, 0x0000000084100000| Untracked 
|  28|0x0000000084200000, 0x0000000084200000, 0x0000000084300000|  0%| F|  |TAMS 0x0000000084200000, 0x0000000084200000| Untracked 
|  29|0x0000000084300000, 0x0000000084300000, 0x0000000084400000|  0%| F|  |TAMS 0x0000000084300000, 0x0000000084300000| Untracked 
|  30|0x0000000084400000, 0x0000000084400000, 0x0000000084500000|  0%| F|  |TAMS 0x0000000084400000, 0x0000000084400000| Untracked 
|  31|0x0000000084500000, 0x0000000084500000, 0x0000000084600000|  0%| F|  |TAMS 0x0000000084500000, 0x0000000084500000| Untracked 
|  32|0x0000000084600000, 0x0000000084600000, 0x0000000084700000|  0%| F|  |TAMS 0x0000000084600000, 0x0000000084600000| Untracked 
|  33|0x0000000084700000, 0x0000000084700000, 0x0000000084800000|  0%| F|  |TAMS 0x0000000084700000, 0x0000000084700000| Untracked 
|  34|0x0000000084800000, 0x0000000084800000, 0x0000000084900000|  0%| F|  |TAMS 0x0000000084800000, 0x0000000084800000| Untracked 
|  35|0x0000000084900000, 0x0000000084900000, 0x0000000084a00000|  0%| F|  |TAMS 0x0000000084900000, 0x0000000084900000| Untracked 
|  36|0x0000000084a00000, 0x0000000084a00000, 0x0000000084b00000|  0%| F|  |TAMS 0x0000000084a00000, 0x0000000084a00000| Untracked 
|  37|0x0000000084b00000, 0x0000000084b00000, 0x0000000084c00000|  0%| F|  |TAMS 0x0000000084b00000, 0x0000000084b00000| Untracked 
|  38|0x0000000084c00000, 0x0000000084c00000, 0x0000000084d00000|  0%| F|  |TAMS 0x0000000084c00000, 0x0000000084c00000| Untracked 
|  39|0x0000000084d00000, 0x0000000084d00000, 0x0000000084e00000|  0%| F|  |TAMS 0x0000000084d00000, 0x0000000084d00000| Untracked 
|  40|0x0000000084e00000, 0x0000000084e00000, 0x0000000084f00000|  0%| F|  |TAMS 0x0000000084e00000, 0x0000000084e00000| Untracked 
|  41|0x0000000084f00000, 0x0000000084f00000, 0x0000000085000000|  0%| F|  |TAMS 0x0000000084f00000, 0x0000000084f00000| Untracked 
|  42|0x0000000085000000, 0x0000000085000000, 0x0000000085100000|  0%| F|  |TAMS 0x0000000085000000, 0x0000000085000000| Untracked 
|  43|0x0000000085100000, 0x0000000085100000, 0x0000000085200000|  0%| F|  |TAMS 0x0000000085100000, 0x0000000085100000| Untracked 
|  44|0x0000000085200000, 0x0000000085200000, 0x0000000085300000|  0%| F|  |TAMS 0x0000000085200000, 0x0000000085200000| Untracked 
|  45|0x0000000085300000, 0x0000000085300000, 0x0000000085400000|  0%| F|  |TAMS 0x0000000085300000, 0x0000000085300000| Untracked 
|  46|0x0000000085400000, 0x0000000085400000, 0x0000000085500000|  0%| F|  |TAMS 0x0000000085400000, 0x0000000085400000| Untracked 
|  47|0x0000000085500000, 0x0000000085500000, 0x0000000085600000|  0%| F|  |TAMS 0x0000000085500000, 0x0000000085500000| Untracked 
|  48|0x0000000085600000, 0x0000000085600000, 0x0000000085700000|  0%| F|  |TAMS 0x0000000085600000, 0x0000000085600000| Untracked 
|  49|0x0000000085700000, 0x0000000085700000, 0x0000000085800000|  0%| F|  |TAMS 0x0000000085700000, 0x0000000085700000| Untracked 
|  50|0x0000000085800000, 0x0000000085800000, 0x0000000085900000|  0%| F|  |TAMS 0x0000000085800000, 0x0000000085800000| Untracked 
|  51|0x0000000085900000, 0x0000000085900000, 0x0000000085a00000|  0%| F|  |TAMS 0x0000000085900000, 0x0000000085900000| Untracked 
|  52|0x0000000085a00000, 0x0000000085a00000, 0x0000000085b00000|  0%| F|  |TAMS 0x0000000085a00000, 0x0000000085a00000| Untracked 
|  53|0x0000000085b00000, 0x0000000085b00000, 0x0000000085c00000|  0%| F|  |TAMS 0x0000000085b00000, 0x0000000085b00000| Untracked 
|  54|0x0000000085c00000, 0x0000000085c00000, 0x0000000085d00000|  0%| F|  |TAMS 0x0000000085c00000, 0x0000000085c00000| Untracked 
|  55|0x0000000085d00000, 0x0000000085d00000, 0x0000000085e00000|  0%| F|  |TAMS 0x0000000085d00000, 0x0000000085d00000| Untracked 
|  56|0x0000000085e00000, 0x0000000085e00000, 0x0000000085f00000|  0%| F|  |TAMS 0x0000000085e00000, 0x0000000085e00000| Untracked 
|  57|0x0000000085f00000, 0x0000000085f00000, 0x0000000086000000|  0%| F|  |TAMS 0x0000000085f00000, 0x0000000085f00000| Untracked 
|  58|0x0000000086000000, 0x0000000086000000, 0x0000000086100000|  0%| F|  |TAMS 0x0000000086000000, 0x0000000086000000| Untracked 
|  59|0x0000000086100000, 0x0000000086100000, 0x0000000086200000|  0%| F|  |TAMS 0x0000000086100000, 0x0000000086100000| Untracked 
|  60|0x0000000086200000, 0x0000000086200000, 0x0000000086300000|  0%| F|  |TAMS 0x0000000086200000, 0x0000000086200000| Untracked 
|  61|0x0000000086300000, 0x0000000086300000, 0x0000000086400000|  0%| F|  |TAMS 0x0000000086300000, 0x0000000086300000| Untracked 
|  62|0x0000000086400000, 0x0000000086400000, 0x0000000086500000|  0%| F|  |TAMS 0x0000000086400000, 0x0000000086400000| Untracked 
|  63|0x0000000086500000, 0x0000000086500000, 0x0000000086600000|  0%| F|  |TAMS 0x0000000086500000, 0x0000000086500000| Untracked 
|  64|0x0000000086600000, 0x0000000086600000, 0x0000000086700000|  0%| F|  |TAMS 0x0000000086600000, 0x0000000086600000| Untracked 
|  65|0x0000000086700000, 0x0000000086700000, 0x0000000086800000|  0%| F|  |TAMS 0x0000000086700000, 0x0000000086700000| Untracked 
|  66|0x0000000086800000, 0x0000000086800000, 0x0000000086900000|  0%| F|  |TAMS 0x0000000086800000, 0x0000000086800000| Untracked 
|  67|0x0000000086900000, 0x0000000086900000, 0x0000000086a00000|  0%| F|  |TAMS 0x0000000086900000, 0x0000000086900000| Untracked 
|  68|0x0000000086a00000, 0x0000000086a00000, 0x0000000086b00000|  0%| F|  |TAMS 0x0000000086a00000, 0x0000000086a00000| Untracked 
|  69|0x0000000086b00000, 0x0000000086b00000, 0x0000000086c00000|  0%| F|  |TAMS 0x0000000086b00000, 0x0000000086b00000| Untracked 
|  70|0x0000000086c00000, 0x0000000086c00000, 0x0000000086d00000|  0%| F|  |TAMS 0x0000000086c00000, 0x0000000086c00000| Untracked 
|  71|0x0000000086d00000, 0x0000000086d00000, 0x0000000086e00000|  0%| F|  |TAMS 0x0000000086d00000, 0x0000000086d00000| Untracked 
|  72|0x0000000086e00000, 0x0000000086e00000, 0x0000000086f00000|  0%| F|  |TAMS 0x0000000086e00000, 0x0000000086e00000| Untracked 
|  73|0x0000000086f00000, 0x0000000086f00000, 0x0000000087000000|  0%| F|  |TAMS 0x0000000086f00000, 0x0000000086f00000| Untracked 
|  74|0x0000000087000000, 0x0000000087000000, 0x0000000087100000|  0%| F|  |TAMS 0x0000000087000000, 0x0000000087000000| Untracked 
|  75|0x0000000087100000, 0x0000000087100000, 0x0000000087200000|  0%| F|  |TAMS 0x0000000087100000, 0x0000000087100000| Untracked 
|  76|0x0000000087200000, 0x0000000087200000, 0x0000000087300000|  0%| F|  |TAMS 0x0000000087200000, 0x0000000087200000| Untracked 
|  77|0x0000000087300000, 0x0000000087300000, 0x0000000087400000|  0%| F|  |TAMS 0x0000000087300000, 0x0000000087300000| Untracked 
|  78|0x0000000087400000, 0x0000000087400000, 0x0000000087500000|  0%| F|  |TAMS 0x0000000087400000, 0x0000000087400000| Untracked 
|  79|0x0000000087500000, 0x0000000087500000, 0x0000000087600000|  0%| F|  |TAMS 0x0000000087500000, 0x0000000087500000| Untracked 
|  80|0x0000000087600000, 0x0000000087600000, 0x0000000087700000|  0%| F|  |TAMS 0x0000000087600000, 0x0000000087600000| Untracked 
|  81|0x0000000087700000, 0x0000000087700000, 0x0000000087800000|  0%| F|  |TAMS 0x0000000087700000, 0x0000000087700000| Untracked 
|  82|0x0000000087800000, 0x0000000087800000, 0x0000000087900000|  0%| F|  |TAMS 0x0000000087800000, 0x0000000087800000| Untracked 
|  83|0x0000000087900000, 0x0000000087900000, 0x0000000087a00000|  0%| F|  |TAMS 0x0000000087900000, 0x0000000087900000| Untracked 
|  84|0x0000000087a00000, 0x0000000087a00000, 0x0000000087b00000|  0%| F|  |TAMS 0x0000000087a00000, 0x0000000087a00000| Untracked 
|  85|0x0000000087b00000, 0x0000000087b00000, 0x0000000087c00000|  0%| F|  |TAMS 0x0000000087b00000, 0x0000000087b00000| Untracked 
|  86|0x0000000087c00000, 0x0000000087c00000, 0x0000000087d00000|  0%| F|  |TAMS 0x0000000087c00000, 0x0000000087c00000| Untracked 
|  87|0x0000000087d00000, 0x0000000087d00000, 0x0000000087e00000|  0%| F|  |TAMS 0x0000000087d00000, 0x0000000087d00000| Untracked 
|  88|0x0000000087e00000, 0x0000000087e00000, 0x0000000087f00000|  0%| F|  |TAMS 0x0000000087e00000, 0x0000000087e00000| Untracked 
|  89|0x0000000087f00000, 0x0000000087f00000, 0x0000000088000000|  0%| F|  |TAMS 0x0000000087f00000, 0x0000000087f00000| Untracked 
|  90|0x0000000088000000, 0x0000000088000000, 0x0000000088100000|  0%| F|  |TAMS 0x0000000088000000, 0x0000000088000000| Untracked 
|  91|0x0000000088100000, 0x0000000088100000, 0x0000000088200000|  0%| F|  |TAMS 0x0000000088100000, 0x0000000088100000| Untracked 
|  92|0x0000000088200000, 0x0000000088200000, 0x0000000088300000|  0%| F|  |TAMS 0x0000000088200000, 0x0000000088200000| Untracked 
|  93|0x0000000088300000, 0x0000000088300000, 0x0000000088400000|  0%| F|  |TAMS 0x0000000088300000, 0x0000000088300000| Untracked 
|  94|0x0000000088400000, 0x0000000088400000, 0x0000000088500000|  0%| F|  |TAMS 0x0000000088400000, 0x0000000088400000| Untracked 
|  95|0x0000000088500000, 0x0000000088500000, 0x0000000088600000|  0%| F|  |TAMS 0x0000000088500000, 0x0000000088500000| Untracked 
|  96|0x0000000088600000, 0x0000000088600000, 0x0000000088700000|  0%| F|  |TAMS 0x0000000088600000, 0x0000000088600000| Untracked 
|  97|0x0000000088700000, 0x0000000088700000, 0x0000000088800000|  0%| F|  |TAMS 0x0000000088700000, 0x0000000088700000| Untracked 
|  98|0x0000000088800000, 0x0000000088800000, 0x0000000088900000|  0%| F|  |TAMS 0x0000000088800000, 0x0000000088800000| Untracked 
|  99|0x0000000088900000, 0x0000000088900000, 0x0000000088a00000|  0%| F|  |TAMS 0x0000000088900000, 0x0000000088900000| Untracked 
| 100|0x0000000088a00000, 0x0000000088a00000, 0x0000000088b00000|  0%| F|  |TAMS 0x0000000088a00000, 0x0000000088a00000| Untracked 
| 101|0x0000000088b00000, 0x0000000088b00000, 0x0000000088c00000|  0%| F|  |TAMS 0x0000000088b00000, 0x0000000088b00000| Untracked 
| 102|0x0000000088c00000, 0x0000000088c00000, 0x0000000088d00000|  0%| F|  |TAMS 0x0000000088c00000, 0x0000000088c00000| Untracked 
| 103|0x0000000088d00000, 0x0000000088d00000, 0x0000000088e00000|  0%| F|  |TAMS 0x0000000088d00000, 0x0000000088d00000| Untracked 
| 104|0x0000000088e00000, 0x0000000088e00000, 0x0000000088f00000|  0%| F|  |TAMS 0x0000000088e00000, 0x0000000088e00000| Untracked 
| 105|0x0000000088f00000, 0x0000000088f00000, 0x0000000089000000|  0%| F|  |TAMS 0x0000000088f00000, 0x0000000088f00000| Untracked 
| 106|0x0000000089000000, 0x0000000089000000, 0x0000000089100000|  0%| F|  |TAMS 0x0000000089000000, 0x0000000089000000| Untracked 
| 107|0x0000000089100000, 0x0000000089100000, 0x0000000089200000|  0%| F|  |TAMS 0x0000000089100000, 0x0000000089100000| Untracked 
| 108|0x0000000089200000, 0x0000000089200000, 0x0000000089300000|  0%| F|  |TAMS 0x0000000089200000, 0x0000000089200000| Untracked 
| 109|0x0000000089300000, 0x0000000089300000, 0x0000000089400000|  0%| F|  |TAMS 0x0000000089300000, 0x0000000089300000| Untracked 
| 110|0x0000000089400000, 0x0000000089400000, 0x0000000089500000|  0%| F|  |TAMS 0x0000000089400000, 0x0000000089400000| Untracked 
| 111|0x0000000089500000, 0x0000000089500000, 0x0000000089600000|  0%| F|  |TAMS 0x0000000089500000, 0x0000000089500000| Untracked 
| 112|0x0000000089600000, 0x0000000089600000, 0x0000000089700000|  0%| F|  |TAMS 0x0000000089600000, 0x0000000089600000| Untracked 
| 113|0x0000000089700000, 0x0000000089700000, 0x0000000089800000|  0%| F|  |TAMS 0x0000000089700000, 0x0000000089700000| Untracked 
| 114|0x0000000089800000, 0x0000000089800000, 0x0000000089900000|  0%| F|  |TAMS 0x0000000089800000, 0x0000000089800000| Untracked 
| 115|0x0000000089900000, 0x0000000089900000, 0x0000000089a00000|  0%| F|  |TAMS 0x0000000089900000, 0x0000000089900000| Untracked 
| 116|0x0000000089a00000, 0x0000000089a00000, 0x0000000089b00000|  0%| F|  |TAMS 0x0000000089a00000, 0x0000000089a00000| Untracked 
| 117|0x0000000089b00000, 0x0000000089b00000, 0x0000000089c00000|  0%| F|  |TAMS 0x0000000089b00000, 0x0000000089b00000| Untracked 
| 118|0x0000000089c00000, 0x0000000089c00000, 0x0000000089d00000|  0%| F|  |TAMS 0x0000000089c00000, 0x0000000089c00000| Untracked 
| 119|0x0000000089d00000, 0x0000000089d00000, 0x0000000089e00000|  0%| F|  |TAMS 0x0000000089d00000, 0x0000000089d00000| Untracked 
| 120|0x0000000089e00000, 0x0000000089e00000, 0x0000000089f00000|  0%| F|  |TAMS 0x0000000089e00000, 0x0000000089e00000| Untracked 
| 121|0x0000000089f00000, 0x0000000089f00000, 0x000000008a000000|  0%| F|  |TAMS 0x0000000089f00000, 0x0000000089f00000| Untracked 
| 122|0x000000008a000000, 0x000000008a000000, 0x000000008a100000|  0%| F|  |TAMS 0x000000008a000000, 0x000000008a000000| Untracked 
| 123|0x000000008a100000, 0x000000008a1c1cf8, 0x000000008a200000| 75%| S|CS|TAMS 0x000000008a100000, 0x000000008a100000| Complete 
| 124|0x000000008a200000, 0x000000008a200000, 0x000000008a300000|  0%| F|  |TAMS 0x000000008a200000, 0x000000008a200000| Untracked 
| 125|0x000000008a300000, 0x000000008a300000, 0x000000008a400000|  0%| F|  |TAMS 0x000000008a300000, 0x000000008a300000| Untracked 

Card table byte_map: [0x0000027e4c1f0000,0x0000027e4c5e0000] _byte_map_base: 0x0000027e4bddd000

Marking Bits (Prev, Next): (CMBitMap*) 0x0000027e347aa988, (CMBitMap*) 0x0000027e347aa9c0
 Prev Bits: [0x0000027e4c9d0000, 0x0000027e4e938000)
 Next Bits: [0x0000027e4e940000, 0x0000027e508a8000)

Polling page: 0x0000027e325a0000

Metaspace:

Usage:
  Non-class:      5.25 MB capacity,     5.23 MB (>99%) used,    14.30 KB ( <1%) free+waste,     4.44 KB ( <1%) overhead. 
      Class:    548.00 KB capacity,   516.82 KB ( 94%) used,    28.87 KB (  5%) free+waste,     2.31 KB ( <1%) overhead. 
       Both:      5.78 MB capacity,     5.74 MB (>99%) used,    43.17 KB ( <1%) free+waste,     6.75 KB ( <1%) overhead. 

Virtual space:
  Non-class space:       20.00 MB reserved,       5.25 MB ( 26%) committed 
      Class space:        1.00 GB reserved,     640.00 KB ( <1%) committed 
             Both:        1.02 GB reserved,       5.88 MB ( <1%) committed 

Chunk freelists:
   Non-Class:  128 bytes
       Class:  0 bytes
        Both:  128 bytes

CodeHeap 'non-profiled nmethods': size=120000Kb used=46Kb max_used=46Kb free=119953Kb
 bounds [0x0000027e445a0000, 0x0000027e44810000, 0x0000027e4bad0000]
CodeHeap 'profiled nmethods': size=120000Kb used=188Kb max_used=188Kb free=119811Kb
 bounds [0x0000027e3d070000, 0x0000027e3d2e0000, 0x0000027e445a0000]
CodeHeap 'non-nmethods': size=5760Kb used=1047Kb max_used=1058Kb free=4712Kb
 bounds [0x0000027e3cad0000, 0x0000027e3cd40000, 0x0000027e3d070000]
 total_blobs=549 nmethods=163 adapters=243
 compilation: enabled
              stopped_count=0, restarted_count=0
 full_count=0

Compilation events (10 events):
Event: 0.168 Thread 0x0000027e53c9c800  153       3       java.lang.invoke.MethodType$ConcurrentWeakInternSet::get (54 bytes)
Event: 0.169 Thread 0x0000027e53c9c800 nmethod 153 0x0000027e3d09c790 code [0x0000027e3d09ca00, 0x0000027e3d09d700]
Event: 0.169 Thread 0x0000027e53c9c800  161       3       jdk.internal.org.objectweb.asm.ByteVector::put12 (64 bytes)
Event: 0.169 Thread 0x0000027e53c9c800 nmethod 161 0x0000027e3d09db10 code [0x0000027e3d09dce0, 0x0000027e3d09df70]
Event: 0.169 Thread 0x0000027e53c9c800  162       3       java.lang.StringBuilder::append (8 bytes)
Event: 0.169 Thread 0x0000027e53c9c800 nmethod 162 0x0000027e3d09e110 code [0x0000027e3d09e2c0, 0x0000027e3d09e470]
Event: 0.169 Thread 0x0000027e53c9c800  163       3       java.lang.AbstractStringBuilder::append (77 bytes)
Event: 0.170 Thread 0x0000027e53c9c800 nmethod 163 0x0000027e3d09e510 code [0x0000027e3d09e740, 0x0000027e3d09ee30]
Event: 0.170 Thread 0x0000027e53c9c800  158       1       java.lang.invoke.MethodTypeForm::erasedType (5 bytes)
Event: 0.170 Thread 0x0000027e53c9c800 nmethod 158 0x0000027e445ab810 code [0x0000027e445ab9c0, 0x0000027e445abad8]

GC Heap History (2 events):
Event: 0.170 GC heap before
{Heap before GC invocations=0 (full 0):
 garbage-first heap   total 129024K, used 1024K [0x0000000082600000, 0x0000000100000000)
  region size 1024K, 2 young (2048K), 0 survivors (0K)
 Metaspace       used 5873K, capacity 5923K, committed 6016K, reserved 1067008K
  class space    used 516K, capacity 548K, committed 640K, reserved 1048576K
}
Event: 0.173 GC heap after
{Heap after GC invocations=1 (full 0):
 garbage-first heap   total 129024K, used 775K [0x0000000082600000, 0x0000000100000000)
  region size 1024K, 1 young (1024K), 1 survivors (1024K)
 Metaspace       used 5873K, capacity 5923K, committed 6016K, reserved 1067008K
  class space    used 516K, capacity 548K, committed 640K, reserved 1048576K
}

Deoptimization events (0 events):
No events

Classes redefined (0 events):
No events

Internal exceptions (1 events):
Event: 0.168 Thread 0x0000027e3476b800 Exception <a 'java/lang/NoSuchMethodError'{0x000000008a29fea0}: java.lang.invoke.DirectMethodHandle$Holder.invokeSpecialIFC(Ljava/lang/Object;Ljava/lang/Object;I)I> (0x000000008a29fea0) thrown at [t:/workspace/open/src/hotspot/share/interpreter/linkResolv

Events (10 events):
Event: 0.169 loading class java/util/regex/Matcher
Event: 0.169 loading class java/util/regex/MatchResult
Event: 0.169 loading class java/util/regex/MatchResult done
Event: 0.169 loading class java/util/regex/Matcher done
Event: 0.169 loading class java/util/regex/IntHashSet
Event: 0.169 loading class java/util/regex/IntHashSet done
Event: 0.170 loading class java/util/regex/ASCII
Event: 0.170 loading class java/util/regex/ASCII done
Event: 0.170 loading class java/lang/module/ModuleDescriptor$Builder
Event: 0.170 Executing VM operation: CollectForMetadataAllocation


Dynamic libraries:
0x00007ff7f9b20000 - 0x00007ff7f9b67000 	C:\Program Files\Java\jdk-11.0.5\bin\javaw.exe
0x00007ff9a3420000 - 0x00007ff9a360d000 	C:\Windows\SYSTEM32\ntdll.dll
0x00007ff99bb30000 - 0x00007ff99bb42000 	C:\Program Files\AVAST Software\Avast\aswhook.dll
0x00007ff9a18e0000 - 0x00007ff9a1993000 	C:\Windows\System32\KERNEL32.DLL
0x00007ff99fff0000 - 0x00007ff9a0285000 	C:\Windows\System32\KERNELBASE.dll
0x00007ff9a1060000 - 0x00007ff9a1103000 	C:\Windows\System32\ADVAPI32.dll
0x00007ff9a0640000 - 0x00007ff9a06de000 	C:\Windows\System32\msvcrt.dll
0x00007ff9a1170000 - 0x00007ff9a120e000 	C:\Windows\System32\sechost.dll
0x00007ff9a1220000 - 0x00007ff9a1342000 	C:\Windows\System32\RPCRT4.dll
0x00007ff9a1c50000 - 0x00007ff9a1de7000 	C:\Windows\System32\USER32.dll
0x00007ff99f6e0000 - 0x00007ff99f700000 	C:\Windows\System32\win32u.dll
0x00007ff9a13c0000 - 0x00007ff9a13e9000 	C:\Windows\System32\GDI32.dll
0x00007ff99fe50000 - 0x00007ff99ffea000 	C:\Windows\System32\gdi32full.dll
0x00007ff99f5e0000 - 0x00007ff99f680000 	C:\Windows\System32\msvcp_win.dll
0x00007ff99f4e0000 - 0x00007ff99f5da000 	C:\Windows\System32\ucrtbase.dll
0x00007ff974f10000 - 0x00007ff975189000 	C:\Windows\WinSxS\amd64_microsoft.windows.common-controls_6595b64144ccf1df_6.0.17763.1282_none_de75b6f253473c0f\COMCTL32.dll
0x00007ff9a0d30000 - 0x00007ff9a105c000 	C:\Windows\System32\combase.dll
0x00007ff9a02e0000 - 0x00007ff9a035e000 	C:\Windows\System32\bcryptPrimitives.dll
0x00007ff998670000 - 0x00007ff99867a000 	C:\Windows\SYSTEM32\VERSION.dll
0x00007ff9a1df0000 - 0x00007ff9a1e1e000 	C:\Windows\System32\IMM32.DLL
0x00007ff98a130000 - 0x00007ff98a146000 	C:\Program Files\Java\jdk-11.0.5\bin\vcruntime140.dll
0x00007ff9726e0000 - 0x00007ff97278a000 	C:\Program Files\Java\jdk-11.0.5\bin\msvcp140.dll
0x00007ff928010000 - 0x00007ff928b38000 	C:\Program Files\Java\jdk-11.0.5\bin\server\jvm.dll
0x00007ff9a1210000 - 0x00007ff9a1218000 	C:\Windows\System32\PSAPI.DLL
0x00007ff98e8b0000 - 0x00007ff98e8b9000 	C:\Windows\SYSTEM32\WSOCK32.dll
0x00007ff9a1350000 - 0x00007ff9a13bd000 	C:\Windows\System32\WS2_32.dll
0x00007ff99d620000 - 0x00007ff99d644000 	C:\Windows\SYSTEM32\WINMM.dll
0x00007ff99d5f0000 - 0x00007ff99d61d000 	C:\Windows\SYSTEM32\WINMMBASE.dll
0x00007ff9a0290000 - 0x00007ff9a02da000 	C:\Windows\System32\cfgmgr32.dll
0x00007ff99f410000 - 0x00007ff99f421000 	C:\Windows\System32\kernel.appcore.dll
0x00007ff99a5e0000 - 0x00007ff99a5f1000 	C:\Program Files\Java\jdk-11.0.5\bin\verify.dll
0x00007ff993790000 - 0x00007ff99397d000 	C:\Windows\SYSTEM32\DBGHELP.DLL
0x00007ff993760000 - 0x00007ff99378a000 	C:\Windows\SYSTEM32\dbgcore.DLL
0x00007ff985b00000 - 0x00007ff985b29000 	C:\Program Files\Java\jdk-11.0.5\bin\java.dll
0x00007ff989750000 - 0x00007ff989766000 	C:\Program Files\Java\jdk-11.0.5\bin\zip.dll
0x00007ff99a4d0000 - 0x00007ff99a4da000 	C:\Program Files\Java\jdk-11.0.5\bin\jimage.dll
0x00007ff9a1ef0000 - 0x00007ff9a33e8000 	C:\Windows\System32\SHELL32.dll
0x00007ff9a1b40000 - 0x00007ff9a1be8000 	C:\Windows\System32\shcore.dll
0x00007ff99f700000 - 0x00007ff99fe4f000 	C:\Windows\System32\windows.storage.dll
0x00007ff99f4b0000 - 0x00007ff99f4d4000 	C:\Windows\System32\profapi.dll
0x00007ff99f430000 - 0x00007ff99f48d000 	C:\Windows\System32\powrprof.dll
0x00007ff9a15a0000 - 0x00007ff9a15f2000 	C:\Windows\System32\shlwapi.dll
0x00007ff9a0360000 - 0x00007ff9a0377000 	C:\Windows\System32\cryptsp.dll
0x00007ff9895a0000 - 0x00007ff9895b9000 	C:\Program Files\Java\jdk-11.0.5\bin\net.dll
0x00007ff990780000 - 0x00007ff990872000 	C:\Windows\SYSTEM32\WINHTTP.dll
0x00007ff99ec10000 - 0x00007ff99ec77000 	C:\Windows\system32\mswsock.dll
0x00007ff987610000 - 0x00007ff987623000 	C:\Program Files\Java\jdk-11.0.5\bin\nio.dll

dbghelp: loaded successfully - version: 4.0.5 - missing functions: none
symbol engine: initialized successfully - sym options: 0x614 - pdb path: .;C:\Program Files\Java\jdk-11.0.5\bin;C:\Windows\SYSTEM32;C:\Program Files\AVAST Software\Avast;C:\Windows\WinSxS\amd64_microsoft.windows.common-controls_6595b64144ccf1df_6.0.17763.1282_none_de75b6f253473c0f;C:\Program Files\Java\jdk-11.0.5\bin\server

VM Arguments:
jvm_args: -Dfile.encoding=Cp1252 --module-path=C:\Users\siddharth\Downloads\mysql-connector-java-8.0.22.jar 
java_command: EHMS.Main
java_class_path (initial): C:\Users\siddharth\Documents\JAVA\JavaEclipse\HealthcareManagementSystem\bin
Launcher Type: SUN_STANDARD

[Global flags]
     intx CICompilerCount                          = 4                                         {product} {ergonomic}
     uint ConcGCThreads                            = 2                                         {product} {ergonomic}
     uint G1ConcRefinementThreads                  = 8                                         {product} {ergonomic}
   size_t G1HeapRegionSize                         = 1048576                                   {product} {ergonomic}
    uintx GCDrainStackTargetSize                   = 64                                        {product} {ergonomic}
   size_t InitialHeapSize                          = 132120576                                 {product} {ergonomic}
   size_t MarkStackSize                            = 4194304                                   {product} {ergonomic}
   size_t MaxHeapSize                              = 2107637760                                {product} {ergonomic}
   size_t MaxNewSize                               = 1264582656                                {product} {ergonomic}
   size_t MinHeapDeltaBytes                        = 1048576                                   {product} {ergonomic}
    uintx NonNMethodCodeHeapSize                   = 5836300                                {pd product} {ergonomic}
    uintx NonProfiledCodeHeapSize                  = 122910970                              {pd product} {ergonomic}
    uintx ProfiledCodeHeapSize                     = 122910970                              {pd product} {ergonomic}
    uintx ReservedCodeCacheSize                    = 251658240                              {pd product} {ergonomic}
     bool SegmentedCodeCache                       = true                                      {product} {ergonomic}
     bool UseCompressedClassPointers               = true                                 {lp64_product} {ergonomic}
     bool UseCompressedOops                        = true                                 {lp64_product} {ergonomic}
     bool UseG1GC                                  = true                                      {product} {ergonomic}
     bool UseLargePagesIndividualAllocation        = false                                  {pd product} {ergonomic}

Logging:
Log output configuration:
 #0: stdout all=warning uptime,level,tags
 #1: stderr all=off uptime,level,tags

Environment Variables:
PATH=C:/Program Files/Java/jdk-11.0.5/bin/server;C:/Program Files/Java/jdk-11.0.5/bin;C:\Program Files (x86)\TRICENTIS\Tosca Testsuite\ToscaCommander;;C:\Program Files (x86)\TRICENTIS\Tosca Testsuite\Classic;C:\Program Files (x86)\TRICENTIS\Tosca Testsuite\Classic\dll;C:\Program Files (x86)\TRICENTIS\Tosca Testsuite\Classic\dll\GuptaEngine;C:\Program Files (x86)\TRICENTIS\Tosca Testsuite\ToscaCommander;C:\Program Files (x86)\TRICENTIS\Tosca Testsuite\Classic\dll\DelphiEngine;C:\Program Files (x86)\TRICENTIS\Tosca Testsuite\Classic\dll\PBEngine;C:\Program Files (x86)\TRICENTIS\Tosca Testsuite\Classic\dll\VBEngine;C:\Program Files (x86)\TRICENTIS\Tosca Testsuite\Classic\dll\DotNetHooking;;C:\Windows\system32;C:\Windows;C:\Windows\System32\Wbem;C:\Windows\System32\WindowsPowerShell\v1.0\;C:\Windows\System32\OpenSSH\;C:\Program Files (x86)\Intel\Intel(R) Management Engine Components\DAL;C:\Program Files\Intel\Intel(R) Management Engine Components\DAL;C:\Users\siddharth\Downloads\Programs;C:\Program Files\Git\cmd;C:\Program Files\Java\jdk-11.0.5\bin;C:\Program Files\MySQL\MySQL Shell 8.0\bin\;C:\Program Files (x86)\CodeBlocks\MinGW\mingw32\bin;C:\Users\siddharth\AppData\Local\atom\bin;C:\Users\siddharth\AppData\Local\Programs\Microsoft VS Code\bin;C:\MinGW\mingw32\bin;;C:\Users\siddharth\Desktop;
USERNAME=siddharth
OS=Windows_NT
PROCESSOR_IDENTIFIER=Intel64 Family 6 Model 158 Stepping 10, GenuineIntel



---------------  S Y S T E M  ---------------

OS: Windows 10 , 64 bit Build 17763 (10.0.17763.1158)

CPU:total 8 (initial active 8) (4 cores per cpu, 2 threads per core) family 6 model 158 stepping 10, cmov, cx8, fxsr, mmx, sse, sse2, sse3, ssse3, sse4.1, sse4.2, popcnt, avx, avx2, aes, clmul, erms, 3dnowpref, lzcnt, ht, tsc, tscinvbit, bmi1, bmi2, adx, fma

Memory: 4k page, system-wide physical 8034M (671M free)
TotalPageFile size 18838M (AvailPageFile size 2M)
current process WorkingSet (physical memory assigned to process): 34M, peak: 34M
current process commit charge ("private bytes"): 202M, peak: 203M

vm_info: Java HotSpot(TM) 64-Bit Server VM (11.0.5+10-LTS) for windows-amd64 JRE (11.0.5+10-LTS), built on Oct  6 2019 12:37:14 by "mach5one" with MS VC++ 15.5 (VS2017)

END.
